0 info it worked if it ends with ok
1 verbose cli [ '/usr/local/bin/node', '/usr/local/bin/npm', 'run', 'deploy' ]
2 info using npm@3.10.8
3 info using node@v6.9.1
4 verbose run-script [ 'predeploy', 'deploy', 'postdeploy' ]
5 info lifecycle bulma@0.5.3~predeploy: bulma@0.5.3
6 silly lifecycle bulma@0.5.3~predeploy: no script for predeploy, continuing
7 info lifecycle bulma@0.5.3~deploy: bulma@0.5.3
8 verbose lifecycle bulma@0.5.3~deploy: unsafe-perm in lifecycle true
9 verbose lifecycle bulma@0.5.3~deploy: PATH: /usr/local/lib/node_modules/npm/bin/node-gyp-bin:/Users/victor.marquez/Kraken/Blizz API/bulma/node_modules/.bin:/usr/local/bin:/usr/bin:/bin:/usr/sbin:/sbin:/usr/local/share/dotnet:/Library/Frameworks/Mono.framework/Versions/Current/Commands
10 verbose lifecycle bulma@0.5.3~deploy: CWD: /Users/victor.marquez/Kraken/Blizz API/bulma
11 silly lifecycle bulma@0.5.3~deploy: Args: [ '-c', 'npm run build && npm run docs' ]
12 silly lifecycle bulma@0.5.3~deploy: Returned: code: 1  signal: null
13 info lifecycle bulma@0.5.3~deploy: Failed to exec deploy script
14 verbose stack Error: bulma@0.5.3 deploy: `npm run build && npm run docs`
14 verbose stack Exit status 1
14 verbose stack     at EventEmitter.<anonymous> (/usr/local/lib/node_modules/npm/lib/utils/lifecycle.js:255:16)
14 verbose stack     at emitTwo (events.js:106:13)
14 verbose stack     at EventEmitter.emit (events.js:191:7)
14 verbose stack     at ChildProcess.<anonymous> (/usr/local/lib/node_modules/npm/lib/utils/spawn.js:40:14)
14 verbose stack     at emitTwo (events.js:106:13)
14 verbose stack     at ChildProcess.emit (events.js:191:7)
14 verbose stack     at maybeClose (internal/child_process.js:877:16)
14 verbose stack     at Process.ChildProcess._handle.onexit (internal/child_process.js:226:5)
15 verbose pkgid bulma@0.5.3
16 verbose cwd /Users/victor.marquez/Kraken/Blizz API/bulma
17 error Darwin 16.7.0
18 error argv "/usr/local/bin/node" "/usr/local/bin/npm" "run" "deploy"
19 error node v6.9.1
20 error npm  v3.10.8
21 error code ELIFECYCLE
22 error bulma@0.5.3 deploy: `npm run build && npm run docs`
22 error Exit status 1
23 error Failed at the bulma@0.5.3 deploy script 'npm run build && npm run docs'.
23 error Make sure you have the latest version of node.js and npm installed.
23 error If you do, this is most likely a problem with the bulma package,
23 error not with npm itself.
23 error Tell the author that this fails on your system:
23 error     npm run build && npm run docs
23 error You can get information on how to open an issue for this project with:
23 error     npm bugs bulma
23 error Or if that isn't available, you can get their info via:
23 error     npm owner ls bulma
23 error There is likely additional logging output above.
24 verbose exit [ 1, true ]
